<?xml version="1.0" encoding="UTF-8"?>
<!-- Generated by org.testng.reporters.JUnitXMLReporter -->
<testsuite hostname="mithilesh" ignored="0" name="TC001_VerifyLoginWithInvalidCrendetials" tests="1" failures="0" timestamp="03 Jul 2017 18:19:19 GMT" time="85.064" errors="0">
  <testcase name="verifyLoginWithValidCrendetials" time="67.427" classname="com.framework.automation.PageFactoryFw.homePage.TC0003_VerifyLoginWithValidCredentials"/>
</testsuite> <!-- TC001_VerifyLoginWithInvalidCrendetials -->
