<?xml version="1.0" encoding="UTF-8"?>
<testng-results skipped="0" failed="0" ignored="0" total="1" passed="1">
  <reporter-output>
    <line>
      <![CDATA[Test started...verifyLoginWithValidCrendetials]]>
    </line>
    <line>
      <![CDATA[Test successful...verifyLoginWithValidCrendetials]]>
    </line>
    <line>
      <![CDATA[<a href='C:\Users\ANKIT\Downloads\Documents\GitHub\Selenium_Java\PageFactoryFw\src\main\java\com\framework\automation\PageFactoryFw\Success_Screenshot\verifyLoginWithValidCrendetials_03_07_2017_11_49_18.png'> <img src='C:\Users\ANKIT\Downloads\Documents\GitHub\Selenium_Java\PageFactoryFw\src\main\java\com\framework\automation\PageFactoryFw\Success_Screenshot\verifyLoginWithValidCrendetials_03_07_2017_11_49_18.png' height='80' width='80'/></a>]]>
    </line>
  </reporter-output>
  <suite name="Regression suite" duration-ms="85064" started-at="2017-07-03T18:17:53Z" finished-at="2017-07-03T18:19:19Z">
    <groups>
    </groups>
    <test name="TC001_VerifyLoginWithInvalidCrendetials" duration-ms="85064" started-at="2017-07-03T18:17:53Z" finished-at="2017-07-03T18:19:19Z">
      <class name="com.framework.automation.PageFactoryFw.homePage.TC0003_VerifyLoginWithValidCredentials">
        <test-method status="PASS" signature="setUp()[pri:0, instance:com.framework.automation.PageFactoryFw.homePage.TC0003_VerifyLoginWithValidCredentials@4f7d0008]" name="setUp" is-config="true" duration-ms="16848" started-at="2017-07-03T23:47:54Z" finished-at="2017-07-03T23:48:10Z">
          <reporter-output>
          </reporter-output>
        </test-method> <!-- setUp -->
        <test-method status="PASS" signature="verifyLoginWithValidCrendetials()[pri:0, instance:com.framework.automation.PageFactoryFw.homePage.TC0003_VerifyLoginWithValidCredentials@4f7d0008]" name="verifyLoginWithValidCrendetials" duration-ms="67427" started-at="2017-07-03T23:48:10Z" finished-at="2017-07-03T23:49:18Z">
          <reporter-output>
            <line>
              <![CDATA[Test started...verifyLoginWithValidCrendetials]]>
            </line>
            <line>
              <![CDATA[Test successful...verifyLoginWithValidCrendetials]]>
            </line>
            <line>
              <![CDATA[<a href='C:\Users\ANKIT\Downloads\Documents\GitHub\Selenium_Java\PageFactoryFw\src\main\java\com\framework\automation\PageFactoryFw\Success_Screenshot\verifyLoginWithValidCrendetials_03_07_2017_11_49_18.png'> <img src='C:\Users\ANKIT\Downloads\Documents\GitHub\Selenium_Java\PageFactoryFw\src\main\java\com\framework\automation\PageFactoryFw\Success_Screenshot\verifyLoginWithValidCrendetials_03_07_2017_11_49_18.png' height='80' width='80'/></a>]]>
            </line>
          </reporter-output>
        </test-method> <!-- verifyLoginWithValidCrendetials -->
        <test-method status="PASS" signature="endTest()[pri:0, instance:com.framework.automation.PageFactoryFw.homePage.TC0003_VerifyLoginWithValidCredentials@4f7d0008]" name="endTest" is-config="true" duration-ms="225" started-at="2017-07-03T23:49:18Z" finished-at="2017-07-03T23:49:19Z">
          <reporter-output>
          </reporter-output>
        </test-method> <!-- endTest -->
      </class> <!-- com.framework.automation.PageFactoryFw.homePage.TC0003_VerifyLoginWithValidCredentials -->
    </test> <!-- TC001_VerifyLoginWithInvalidCrendetials -->
  </suite> <!-- Regression suite -->
</testng-results>
