<?xml version="1.0" encoding="UTF-8"?>
<!-- Generated by org.testng.reporters.JUnitXMLReporter -->
<testsuite hostname="mithilesh" ignored="0" name="Default test" tests="4" failures="0" timestamp="19 Jun 2017 19:49:46 GMT" time="41.159" errors="0">
  <testcase name="verifyLoginWithDifferentRecords" time="7.214" classname="com.framework.automation.PageFactoryFw.homePage.TC002_VerifyLoginWithDifferentRecords"/>
  <testcase name="verifyLoginWithDifferentRecords" time="8.021" classname="com.framework.automation.PageFactoryFw.homePage.TC002_VerifyLoginWithDifferentRecords"/>
  <testcase name="verifyLoginWithDifferentRecords" time="0.012" classname="com.framework.automation.PageFactoryFw.homePage.TC002_VerifyLoginWithDifferentRecords">
    <skipped/>
  </testcase> <!-- verifyLoginWithDifferentRecords -->
  <testcase name="verifyLoginWithDifferentRecords" time="5.994" classname="com.framework.automation.PageFactoryFw.homePage.TC002_VerifyLoginWithDifferentRecords"/>
</testsuite> <!-- Default test -->
